# JRE version: OpenJDK Runtime Environment (8.0_112-b06) (build 1.8.0_112-release-b06)
# Java VM: OpenJDK 64-Bit Server VM (25.112-b06 mixed mode linux-amd64 compressed oops)
Heap:
 PSYoungGen      total 287232K, used 13186K [0x00000000eab00000, 0x0000000100000000, 0x0000000100000000)
  eden space 228352K, 0% used [0x00000000eab00000,0x00000000eab00000,0x00000000f8a00000)
  from space 58880K, 22% used [0x00000000fc680000,0x00000000fd360bf0,0x0000000100000000)
  to   space 60416K, 0% used [0x00000000f8a00000,0x00000000f8a00000,0x00000000fc500000)
 ParOldGen       total 270848K, used 270431K [0x00000000c0000000, 0x00000000d0880000, 0x00000000eab00000)
  object space 270848K, 99% used [0x00000000c0000000,0x00000000d0817e20,0x00000000d0880000)
 Metaspace       used 6579K, capacity 7280K, committed 7552K, reserved 1056768K
  class space    used 600K, capacity 616K, committed 640K, reserved 1048576K
GC Heap History (10 events):
Event: 137,142 GC heap after
Heap after GC invocations=19 (full 4):
 PSYoungGen      total 300032K, used 29724K [0x00000000eab00000, 0x0000000100000000, 0x0000000100000000)
  eden space 259072K, 0% used [0x00000000eab00000,0x00000000eab00000,0x00000000fa800000)
  from space 40960K, 72% used [0x00000000fa800000,0x00000000fc507108,0x00000000fd000000)
  to   space 49152K, 0% used [0x00000000fd000000,0x00000000fd000000,0x0000000100000000)
 ParOldGen       total 204800K, used 146599K [0x00000000c0000000, 0x00000000cc800000, 0x00000000eab00000)
  object space 204800K, 71% used [0x00000000c0000000,0x00000000c8f29f10,0x00000000cc800000)
 Metaspace       used 6522K, capacity 7216K, committed 7296K, reserved 1056768K
  class space    used 597K, capacity 616K, committed 640K, reserved 1048576K
}
Event: 142,105 GC heap before
{Heap before GC invocations=20 (full 4):
 PSYoungGen      total 300032K, used 288796K [0x00000000eab00000, 0x0000000100000000, 0x0000000100000000)
  eden space 259072K, 100% used [0x00000000eab00000,0x00000000fa800000,0x00000000fa800000)
  from space 40960K, 72% used [0x00000000fa800000,0x00000000fc507108,0x00000000fd000000)
  to   space 49152K, 0% used [0x00000000fd000000,0x00000000fd000000,0x0000000100000000)
 ParOldGen       total 204800K, used 146599K [0x00000000c0000000, 0x00000000cc800000, 0x00000000eab00000)
  object space 204800K, 71% used [0x00000000c0000000,0x00000000c8f29f10,0x00000000cc800000)
 Metaspace       used 6539K, capacity 7280K, committed 7552K, reserved 1056768K
  class space    used 598K, capacity 616K, committed 640K, reserved 1048576K
Event: 175,087 GC heap after
Heap after GC invocations=20 (full 4):
 PSYoungGen      total 284672K, used 43312K [0x00000000eab00000, 0x0000000100000000, 0x0000000100000000)
  eden space 235520K, 0% used [0x00000000eab00000,0x00000000eab00000,0x00000000f9100000)
  from space 49152K, 88% used [0x00000000fd000000,0x00000000ffa4c0e8,0x0000000100000000)
  to   space 56832K, 0% used [0x00000000f9100000,0x00000000f9100000,0x00000000fc880000)
 ParOldGen       total 204800K, used 175080K [0x00000000c0000000, 0x00000000cc800000, 0x00000000eab00000)
  object space 204800K, 85% used [0x00000000c0000000,0x00000000caafa120,0x00000000cc800000)
 Metaspace       used 6539K, capacity 7280K, committed 7552K, reserved 1056768K
  class space    used 598K, capacity 616K, committed 640K, reserved 1048576K
}
Event: 175,087 GC heap before
{Heap before GC invocations=21 (full 5):
 PSYoungGen      total 284672K, used 43312K [0x00000000eab00000, 0x0000000100000000, 0x0000000100000000)
  eden space 235520K, 0% used [0x00000000eab00000,0x00000000eab00000,0x00000000f9100000)
  from space 49152K, 88% used [0x00000000fd000000,0x00000000ffa4c0e8,0x0000000100000000)
  to   space 56832K, 0% used [0x00000000f9100000,0x00000000f9100000,0x00000000fc880000)
 ParOldGen       total 204800K, used 175080K [0x00000000c0000000, 0x00000000cc800000, 0x00000000eab00000)
  object space 204800K, 85% used [0x00000000c0000000,0x00000000caafa120,0x00000000cc800000)
 Metaspace       used 6539K, capacity 7280K, committed 7552K, reserved 1056768K
  class space    used 598K, capacity 616K, committed 640K, reserved 1048576K
Event: 186,246 GC heap after
Heap after GC invocations=21 (full 5):
 PSYoungGen      total 284672K, used 13451K [0x00000000eab00000, 0x0000000100000000, 0x0000000100000000)
  eden space 235520K, 0% used [0x00000000eab00000,0x00000000eab00000,0x00000000f9100000)
  from space 49152K, 27% used [0x00000000fd000000,0x00000000fdd22c78,0x0000000100000000)
  to   space 56832K, 0% used [0x00000000f9100000,0x00000000f9100000,0x00000000fc880000)
 ParOldGen       total 270848K, used 204387K [0x00000000c0000000, 0x00000000d0880000, 0x00000000eab00000)
  object space 270848K, 75% used [0x00000000c0000000,0x00000000cc798cb0,0x00000000d0880000)
 Metaspace       used 6539K, capacity 7280K, committed 7552K, reserved 1056768K
  class space    used 598K, capacity 616K, committed 640K, reserved 1048576K
}
Event: 188,459 GC heap before
{Heap before GC invocations=22 (full 5):
 PSYoungGen      total 284672K, used 248971K [0x00000000eab00000, 0x0000000100000000, 0x0000000100000000)
  eden space 235520K, 100% used [0x00000000eab00000,0x00000000f9100000,0x00000000f9100000)
  from space 49152K, 27% used [0x00000000fd000000,0x00000000fdd22c78,0x0000000100000000)
  to   space 56832K, 0% used [0x00000000f9100000,0x00000000f9100000,0x00000000fc880000)
 ParOldGen       total 270848K, used 204387K [0x00000000c0000000, 0x00000000d0880000, 0x00000000eab00000)
  object space 270848K, 75% used [0x00000000c0000000,0x00000000cc798cb0,0x00000000d0880000)
 Metaspace       used 6574K, capacity 7280K, committed 7552K, reserved 1056768K
  class space    used 600K, capacity 616K, committed 640K, reserved 1048576K
Event: 189,338 GC heap after
Heap after GC invocations=22 (full 5):
 PSYoungGen      total 272384K, used 36590K [0x00000000eab00000, 0x0000000100000000, 0x0000000100000000)
  eden space 235520K, 0% used [0x00000000eab00000,0x00000000eab00000,0x00000000f9100000)
  from space 36864K, 99% used [0x00000000f9100000,0x00000000fb4bbb08,0x00000000fb500000)
  to   space 58880K, 0% used [0x00000000fc680000,0x00000000fc680000,0x0000000100000000)
 ParOldGen       total 270848K, used 213513K [0x00000000c0000000, 0x00000000d0880000, 0x00000000eab00000)
  object space 270848K, 78% used [0x00000000c0000000,0x00000000cd082470,0x00000000d0880000)
 Metaspace       used 6574K, capacity 7280K, committed 7552K, reserved 1056768K
  class space    used 600K, capacity 616K, committed 640K, reserved 1048576K
}
Event: 194,325 GC heap before
{Heap before GC invocations=23 (full 5):
 PSYoungGen      total 272384K, used 272110K [0x00000000eab00000, 0x0000000100000000, 0x0000000100000000)
  eden space 235520K, 100% used [0x00000000eab00000,0x00000000f9100000,0x00000000f9100000)
  from space 36864K, 99% used [0x00000000f9100000,0x00000000fb4bbb08,0x00000000fb500000)
  to   space 58880K, 0% used [0x00000000fc680000,0x00000000fc680000,0x0000000100000000)
 ParOldGen       total 270848K, used 213513K [0x00000000c0000000, 0x00000000d0880000, 0x00000000eab00000)
  object space 270848K, 78% used [0x00000000c0000000,0x00000000cd082470,0x00000000d0880000)
 Metaspace       used 6579K, capacity 7280K, committed 7552K, reserved 1056768K
  class space    used 600K, capacity 616K, committed 640K, reserved 1048576K
Event: 230,533 GC heap after
Heap after GC invocations=23 (full 5):
 PSYoungGen      total 287232K, used 36353K [0x00000000eab00000, 0x0000000100000000, 0x0000000100000000)
  eden space 228352K, 0% used [0x00000000eab00000,0x00000000eab00000,0x00000000f8a00000)
  from space 58880K, 61% used [0x00000000fc680000,0x00000000fea00798,0x0000000100000000)
  to   space 60416K, 0% used [0x00000000f8a00000,0x00000000f8a00000,0x00000000fc500000)
 ParOldGen       total 270848K, used 248933K [0x00000000c0000000, 0x00000000d0880000, 0x00000000eab00000)
  object space 270848K, 91% used [0x00000000c0000000,0x00000000cf3195e8,0x00000000d0880000)
 Metaspace       used 6579K, capacity 7280K, committed 7552K, reserved 1056768K
  class space    used 600K, capacity 616K, committed 640K, reserved 1048576K
}
Event: 230,533 GC heap before
{Heap before GC invocations=24 (full 6):
 PSYoungGen      total 287232K, used 36353K [0x00000000eab00000, 0x0000000100000000, 0x0000000100000000)
  eden space 228352K, 0% used [0x00000000eab00000,0x00000000eab00000,0x00000000f8a00000)
  from space 58880K, 61% used [0x00000000fc680000,0x00000000fea00798,0x0000000100000000)
  to   space 60416K, 0% used [0x00000000f8a00000,0x00000000f8a00000,0x00000000fc500000)
 ParOldGen       total 270848K, used 248933K [0x00000000c0000000, 0x00000000d0880000, 0x00000000eab00000)
  object space 270848K, 91% used [0x00000000c0000000,0x00000000cf3195e8,0x00000000d0880000)
 Metaspace       used 6579K, capacity 7280K, committed 7552K, reserved 1056768K
  class space    used 600K, capacity 616K, committed 640K, reserved 1048576K

